2025-10-14 14:47:30,322 - INFO - [ProducerManager] - ✅ 4 producers configurés
2025-10-14 14:47:30,323 - INFO - [ProducerManager] - 🚀 Démarrage de tous les producers...
2025-10-14 14:47:30,324 - INFO - [Producer-Reddit] - 🚀 Démarrage producer Reddit
2025-10-14 14:47:30,324 - INFO - [ProducerManager] - ▶️ Producer Reddit démarré
2025-10-14 14:47:30,334 - INFO - [Producer-Twitter] - 🚀 Démarrage producer Twitter
2025-10-14 14:47:30,334 - INFO - [ProducerManager] - ▶️ Producer Twitter démarré
2025-10-14 14:47:30,388 - INFO - [Producer-IoT-Sensors] - 🚀 Démarrage producer IoT-Sensors
2025-10-14 14:47:30,388 - INFO - [ProducerManager] - ▶️ Producer IoT démarré
2025-10-14 14:47:30,413 - INFO - [Producer-News] - 🚀 Démarrage producer News
2025-10-14 14:47:30,413 - INFO - [ProducerManager] - ▶️ Producer News démarré
2025-10-14 14:47:30,415 - INFO - [ProducerManager] - ✅ Tous les producers sont actifs
2025-10-14 14:47:30,417 - INFO - [kafka.conn] - <BrokerConnection client_id=kafka-python-producer-1, node_id=bootstrap-0 host=localhost:9092 <connecting> [IPv6 ('::1', 9092, 0, 0)]>: connecting to localhost:9092 [('::1', 9092, 0, 0) IPv6]
2025-10-14 14:47:30,417 - INFO - [kafka.conn] - <BrokerConnection client_id=kafka-python-producer-3, node_id=bootstrap-0 host=localhost:9092 <connecting> [IPv6 ('::1', 9092, 0, 0)]>: connecting to localhost:9092 [('::1', 9092, 0, 0) IPv6]
2025-10-14 14:47:30,417 - INFO - [kafka.conn] - <BrokerConnection client_id=kafka-python-producer-4, node_id=bootstrap-0 host=localhost:9092 <connecting> [IPv6 ('::1', 9092, 0, 0)]>: connecting to localhost:9092 [('::1', 9092, 0, 0) IPv6]
2025-10-14 14:47:30,417 - INFO - [kafka.conn] - <BrokerConnection client_id=kafka-python-producer-2, node_id=bootstrap-0 host=localhost:9092 <connecting> [IPv6 ('::1', 9092, 0, 0)]>: connecting to localhost:9092 [('::1', 9092, 0, 0) IPv6]
2025-10-14 14:47:30,450 - INFO - [kafka.conn] - <BrokerConnection client_id=kafka-python-producer-2, node_id=bootstrap-0 host=localhost:9092 <checking_api_versions_recv> [IPv6 ('::1', 9092, 0, 0)]>: Broker version identified as 2.6
2025-10-14 14:47:30,450 - INFO - [kafka.conn] - <BrokerConnection client_id=kafka-python-producer-1, node_id=bootstrap-0 host=localhost:9092 <checking_api_versions_recv> [IPv6 ('::1', 9092, 0, 0)]>: Broker version identified as 2.6
2025-10-14 14:47:30,451 - INFO - [kafka.conn] - <BrokerConnection client_id=kafka-python-producer-3, node_id=bootstrap-0 host=localhost:9092 <checking_api_versions_recv> [IPv6 ('::1', 9092, 0, 0)]>: Broker version identified as 2.6
2025-10-14 14:47:30,452 - INFO - [kafka.conn] - <BrokerConnection client_id=kafka-python-producer-4, node_id=bootstrap-0 host=localhost:9092 <checking_api_versions_recv> [IPv6 ('::1', 9092, 0, 0)]>: Broker version identified as 2.6
2025-10-14 14:47:30,452 - INFO - [kafka.conn] - <BrokerConnection client_id=kafka-python-producer-2, node_id=bootstrap-0 host=localhost:9092 <connected> [IPv6 ('::1', 9092, 0, 0)]>: Connection complete.
2025-10-14 14:47:30,452 - INFO - [kafka.conn] - <BrokerConnection client_id=kafka-python-producer-1, node_id=bootstrap-0 host=localhost:9092 <connected> [IPv6 ('::1', 9092, 0, 0)]>: Connection complete.
2025-10-14 14:47:30,452 - INFO - [kafka.conn] - <BrokerConnection client_id=kafka-python-producer-3, node_id=bootstrap-0 host=localhost:9092 <connected> [IPv6 ('::1', 9092, 0, 0)]>: Connection complete.
2025-10-14 14:47:30,452 - INFO - [kafka.conn] - <BrokerConnection client_id=kafka-python-producer-4, node_id=bootstrap-0 host=localhost:9092 <connected> [IPv6 ('::1', 9092, 0, 0)]>: Connection complete.
2025-10-14 14:47:30,454 - INFO - [Producer-Twitter] - ✅ Connexion Kafka réussie pour Twitter
2025-10-14 14:47:30,455 - INFO - [Producer-Reddit] - ✅ Connexion Kafka réussie pour Reddit
2025-10-14 14:47:30,455 - INFO - [Producer-IoT-Sensors] - ✅ Connexion Kafka réussie pour IoT-Sensors
2025-10-14 14:47:30,458 - INFO - [Producer-News] - ✅ Connexion Kafka réussie pour News
2025-10-14 14:47:31,486 - INFO - [kafka.conn] - <BrokerConnection client_id=kafka-python-producer-4, node_id=1 host=localhost:9092 <connecting> [IPv6 ('::1', 9092, 0, 0)]>: connecting to localhost:9092 [('::1', 9092, 0, 0) IPv6]
2025-10-14 14:47:31,486 - INFO - [kafka.conn] - <BrokerConnection client_id=kafka-python-producer-1, node_id=1 host=localhost:9092 <connecting> [IPv6 ('::1', 9092, 0, 0)]>: connecting to localhost:9092 [('::1', 9092, 0, 0) IPv6]
2025-10-14 14:47:31,486 - INFO - [kafka.conn] - <BrokerConnection client_id=kafka-python-producer-3, node_id=1 host=localhost:9092 <connecting> [IPv6 ('::1', 9092, 0, 0)]>: connecting to localhost:9092 [('::1', 9092, 0, 0) IPv6]
2025-10-14 14:47:31,486 - INFO - [kafka.conn] - <BrokerConnection client_id=kafka-python-producer-2, node_id=1 host=localhost:9092 <connecting> [IPv6 ('::1', 9092, 0, 0)]>: connecting to localhost:9092 [('::1', 9092, 0, 0) IPv6]
2025-10-14 14:47:31,488 - INFO - [kafka.conn] - <BrokerConnection client_id=kafka-python-producer-1, node_id=1 host=localhost:9092 <connected> [IPv6 ('::1', 9092, 0, 0)]>: Connection complete.
2025-10-14 14:47:31,488 - INFO - [kafka.conn] - <BrokerConnection client_id=kafka-python-producer-3, node_id=1 host=localhost:9092 <connected> [IPv6 ('::1', 9092, 0, 0)]>: Connection complete.
2025-10-14 14:47:31,488 - INFO - [kafka.conn] - <BrokerConnection client_id=kafka-python-producer-1, node_id=bootstrap-0 host=localhost:9092 <connected> [IPv6 ('::1', 9092, 0, 0)]>: Closing connection. 
2025-10-14 14:47:31,489 - INFO - [kafka.conn] - <BrokerConnection client_id=kafka-python-producer-3, node_id=bootstrap-0 host=localhost:9092 <connected> [IPv6 ('::1', 9092, 0, 0)]>: Closing connection. 
2025-10-14 14:47:31,501 - INFO - [kafka.conn] - <BrokerConnection client_id=kafka-python-producer-2, node_id=1 host=localhost:9092 <connected> [IPv6 ('::1', 9092, 0, 0)]>: Connection complete.
2025-10-14 14:47:31,501 - INFO - [kafka.conn] - <BrokerConnection client_id=kafka-python-producer-4, node_id=1 host=localhost:9092 <connected> [IPv6 ('::1', 9092, 0, 0)]>: Connection complete.
2025-10-14 14:47:31,502 - INFO - [kafka.conn] - <BrokerConnection client_id=kafka-python-producer-2, node_id=bootstrap-0 host=localhost:9092 <connected> [IPv6 ('::1', 9092, 0, 0)]>: Closing connection. 
2025-10-14 14:47:31,502 - INFO - [kafka.conn] - <BrokerConnection client_id=kafka-python-producer-4, node_id=bootstrap-0 host=localhost:9092 <connected> [IPv6 ('::1', 9092, 0, 0)]>: Closing connection. 
2025-10-14 14:47:31,568 - WARNING - [kafka.cluster] - Topic twitter_stream is not available during auto-create initialization
2025-10-14 14:47:31,568 - WARNING - [kafka.cluster] - Topic reddit_stream is not available during auto-create initialization
2025-10-14 14:47:31,569 - WARNING - [kafka.cluster] - Topic news_feed is not available during auto-create initialization
2025-10-14 14:47:31,569 - WARNING - [kafka.cluster] - Topic iot_sensors is not available during auto-create initialization
2025-10-14 14:49:35,604 - INFO - [Producer-IoT-Sensors] - 📊 100 messages envoyés vers iot_sensors
2025-10-14 14:50:50,851 - INFO - [Producer-Twitter] - 📊 100 messages envoyés vers twitter_stream
2025-10-14 14:51:40,901 - INFO - [Producer-IoT-Sensors] - 📊 200 messages envoyés vers iot_sensors
2025-10-14 14:53:10,108 - INFO - [Producer-Reddit] - 📊 100 messages envoyés vers reddit_stream
2025-10-14 14:53:40,589 - INFO - [Producer-IoT-Sensors] - 📊 300 messages envoyés vers iot_sensors
2025-10-14 14:58:11,432 - INFO - [ProducerManager] - ✅ 4 producers configurés
2025-10-14 14:58:11,432 - INFO - [ProducerManager] - 🚀 Démarrage de tous les producers...
2025-10-14 14:58:11,433 - INFO - [Producer-Reddit] - 🚀 Démarrage producer Reddit
2025-10-14 14:58:11,433 - INFO - [ProducerManager] - ▶️ Producer Reddit démarré
2025-10-14 14:58:11,436 - INFO - [Producer-Twitter] - 🚀 Démarrage producer Twitter
2025-10-14 14:58:11,476 - INFO - [ProducerManager] - ▶️ Producer Twitter démarré
2025-10-14 14:58:11,494 - INFO - [Producer-IoT-Sensors] - 🚀 Démarrage producer IoT-Sensors
2025-10-14 14:58:11,495 - INFO - [ProducerManager] - ▶️ Producer IoT démarré
2025-10-14 14:58:11,496 - INFO - [Producer-News] - 🚀 Démarrage producer News
2025-10-14 14:58:11,497 - INFO - [ProducerManager] - ▶️ Producer News démarré
2025-10-14 14:58:11,498 - INFO - [ProducerManager] - ✅ Tous les producers sont actifs
2025-10-14 14:58:11,499 - INFO - [kafka.conn] - <BrokerConnection client_id=kafka-python-producer-3, node_id=bootstrap-0 host=localhost:9092 <connecting> [IPv6 ('::1', 9092, 0, 0)]>: connecting to localhost:9092 [('::1', 9092, 0, 0) IPv6]
2025-10-14 14:58:11,499 - INFO - [kafka.conn] - <BrokerConnection client_id=kafka-python-producer-4, node_id=bootstrap-0 host=localhost:9092 <connecting> [IPv6 ('::1', 9092, 0, 0)]>: connecting to localhost:9092 [('::1', 9092, 0, 0) IPv6]
2025-10-14 14:58:11,499 - INFO - [kafka.conn] - <BrokerConnection client_id=kafka-python-producer-2, node_id=bootstrap-0 host=localhost:9092 <connecting> [IPv6 ('::1', 9092, 0, 0)]>: connecting to localhost:9092 [('::1', 9092, 0, 0) IPv6]
2025-10-14 14:58:11,500 - INFO - [kafka.conn] - <BrokerConnection client_id=kafka-python-producer-1, node_id=bootstrap-0 host=localhost:9092 <connecting> [IPv6 ('::1', 9092, 0, 0)]>: connecting to localhost:9092 [('::1', 9092, 0, 0) IPv6]
2025-10-14 14:58:11,508 - INFO - [kafka.conn] - <BrokerConnection client_id=kafka-python-producer-4, node_id=bootstrap-0 host=localhost:9092 <checking_api_versions_recv> [IPv6 ('::1', 9092, 0, 0)]>: Broker version identified as 2.6
2025-10-14 14:58:11,508 - INFO - [kafka.conn] - <BrokerConnection client_id=kafka-python-producer-3, node_id=bootstrap-0 host=localhost:9092 <checking_api_versions_recv> [IPv6 ('::1', 9092, 0, 0)]>: Broker version identified as 2.6
2025-10-14 14:58:11,509 - INFO - [kafka.conn] - <BrokerConnection client_id=kafka-python-producer-2, node_id=bootstrap-0 host=localhost:9092 <checking_api_versions_recv> [IPv6 ('::1', 9092, 0, 0)]>: Broker version identified as 2.6
2025-10-14 14:58:11,509 - INFO - [kafka.conn] - <BrokerConnection client_id=kafka-python-producer-4, node_id=bootstrap-0 host=localhost:9092 <connected> [IPv6 ('::1', 9092, 0, 0)]>: Connection complete.
2025-10-14 14:58:11,509 - INFO - [kafka.conn] - <BrokerConnection client_id=kafka-python-producer-3, node_id=bootstrap-0 host=localhost:9092 <connected> [IPv6 ('::1', 9092, 0, 0)]>: Connection complete.
2025-10-14 14:58:11,510 - INFO - [kafka.conn] - <BrokerConnection client_id=kafka-python-producer-2, node_id=bootstrap-0 host=localhost:9092 <connected> [IPv6 ('::1', 9092, 0, 0)]>: Connection complete.
2025-10-14 14:58:11,510 - INFO - [kafka.conn] - <BrokerConnection client_id=kafka-python-producer-1, node_id=bootstrap-0 host=localhost:9092 <checking_api_versions_recv> [IPv6 ('::1', 9092, 0, 0)]>: Broker version identified as 2.6
2025-10-14 14:58:11,511 - INFO - [Producer-News] - ✅ Connexion Kafka réussie pour News
2025-10-14 14:58:11,512 - INFO - [Producer-IoT-Sensors] - ✅ Connexion Kafka réussie pour IoT-Sensors
2025-10-14 14:58:11,512 - INFO - [kafka.conn] - <BrokerConnection client_id=kafka-python-producer-1, node_id=bootstrap-0 host=localhost:9092 <connected> [IPv6 ('::1', 9092, 0, 0)]>: Connection complete.
2025-10-14 14:58:11,512 - INFO - [Producer-Twitter] - ✅ Connexion Kafka réussie pour Twitter
2025-10-14 14:58:11,515 - INFO - [Producer-Reddit] - ✅ Connexion Kafka réussie pour Reddit
2025-10-14 14:58:12,524 - INFO - [kafka.conn] - <BrokerConnection client_id=kafka-python-producer-4, node_id=1 host=localhost:9092 <connecting> [IPv6 ('::1', 9092, 0, 0)]>: connecting to localhost:9092 [('::1', 9092, 0, 0) IPv6]
2025-10-14 14:58:12,524 - INFO - [kafka.conn] - <BrokerConnection client_id=kafka-python-producer-2, node_id=1 host=localhost:9092 <connecting> [IPv6 ('::1', 9092, 0, 0)]>: connecting to localhost:9092 [('::1', 9092, 0, 0) IPv6]
2025-10-14 14:58:12,524 - INFO - [kafka.conn] - <BrokerConnection client_id=kafka-python-producer-3, node_id=1 host=localhost:9092 <connecting> [IPv6 ('::1', 9092, 0, 0)]>: connecting to localhost:9092 [('::1', 9092, 0, 0) IPv6]
2025-10-14 14:58:12,524 - INFO - [kafka.conn] - <BrokerConnection client_id=kafka-python-producer-1, node_id=1 host=localhost:9092 <connecting> [IPv6 ('::1', 9092, 0, 0)]>: connecting to localhost:9092 [('::1', 9092, 0, 0) IPv6]
2025-10-14 14:58:12,525 - INFO - [kafka.conn] - <BrokerConnection client_id=kafka-python-producer-4, node_id=1 host=localhost:9092 <connected> [IPv6 ('::1', 9092, 0, 0)]>: Connection complete.
2025-10-14 14:58:12,525 - INFO - [kafka.conn] - <BrokerConnection client_id=kafka-python-producer-2, node_id=1 host=localhost:9092 <connected> [IPv6 ('::1', 9092, 0, 0)]>: Connection complete.
2025-10-14 14:58:12,525 - INFO - [kafka.conn] - <BrokerConnection client_id=kafka-python-producer-3, node_id=1 host=localhost:9092 <connected> [IPv6 ('::1', 9092, 0, 0)]>: Connection complete.
2025-10-14 14:58:12,525 - INFO - [kafka.conn] - <BrokerConnection client_id=kafka-python-producer-4, node_id=bootstrap-0 host=localhost:9092 <connected> [IPv6 ('::1', 9092, 0, 0)]>: Closing connection. 
2025-10-14 14:58:12,525 - INFO - [kafka.conn] - <BrokerConnection client_id=kafka-python-producer-1, node_id=1 host=localhost:9092 <connected> [IPv6 ('::1', 9092, 0, 0)]>: Connection complete.
2025-10-14 14:58:12,525 - INFO - [kafka.conn] - <BrokerConnection client_id=kafka-python-producer-2, node_id=bootstrap-0 host=localhost:9092 <connected> [IPv6 ('::1', 9092, 0, 0)]>: Closing connection. 
2025-10-14 14:58:12,526 - INFO - [kafka.conn] - <BrokerConnection client_id=kafka-python-producer-3, node_id=bootstrap-0 host=localhost:9092 <connected> [IPv6 ('::1', 9092, 0, 0)]>: Closing connection. 
2025-10-14 14:58:12,526 - INFO - [kafka.conn] - <BrokerConnection client_id=kafka-python-producer-1, node_id=bootstrap-0 host=localhost:9092 <connected> [IPv6 ('::1', 9092, 0, 0)]>: Closing connection. 
2025-10-14 14:58:27,970 - INFO - [ProducerManager] - 🛑 Arrêt de tous les producers...
2025-10-14 14:58:27,971 - INFO - [kafka.producer.kafka] - <KafkaProducer client_id=kafka-python-producer-1 transactional_id=None>: Closing the Kafka producer with 4294967.0 secs timeout.
2025-10-14 14:58:27,971 - INFO - [kafka.conn] - <BrokerConnection client_id=kafka-python-producer-1, node_id=1 host=localhost:9092 <connected> [IPv6 ('::1', 9092, 0, 0)]>: Closing connection. 
2025-10-14 14:58:27,971 - INFO - [Producer-Reddit] - 📊 Statistiques finales Reddit:
2025-10-14 14:58:27,973 - INFO - [Producer-Reddit] -    Messages envoyés: 5
2025-10-14 14:58:27,973 - INFO - [Producer-Reddit] -    Erreurs: 0
2025-10-14 14:58:27,974 - INFO - [Producer-Reddit] -    Durée: 16.5s
2025-10-14 14:58:27,974 - INFO - [Producer-Reddit] -    Débit: 0.30 msg/s
2025-10-14 14:58:27,974 - INFO - [kafka.producer.kafka] - <KafkaProducer client_id=kafka-python-producer-2 transactional_id=None>: Closing the Kafka producer with 4294967.0 secs timeout.
2025-10-14 14:58:27,974 - INFO - [kafka.conn] - <BrokerConnection client_id=kafka-python-producer-2, node_id=1 host=localhost:9092 <connected> [IPv6 ('::1', 9092, 0, 0)]>: Closing connection. 
2025-10-14 14:58:27,975 - INFO - [Producer-Twitter] - 📊 Statistiques finales Twitter:
2025-10-14 14:58:27,975 - INFO - [Producer-Twitter] -    Messages envoyés: 8
2025-10-14 14:58:27,975 - INFO - [Producer-Twitter] -    Erreurs: 0
2025-10-14 14:58:27,975 - INFO - [Producer-Twitter] -    Durée: 16.5s
2025-10-14 14:58:27,975 - INFO - [Producer-Twitter] -    Débit: 0.48 msg/s
2025-10-14 14:58:27,976 - INFO - [kafka.producer.kafka] - <KafkaProducer client_id=kafka-python-producer-3 transactional_id=None>: Closing the Kafka producer with 4294967.0 secs timeout.
2025-10-14 14:58:27,976 - INFO - [kafka.conn] - <BrokerConnection client_id=kafka-python-producer-3, node_id=1 host=localhost:9092 <connected> [IPv6 ('::1', 9092, 0, 0)]>: Closing connection. 
2025-10-14 14:58:27,977 - INFO - [Producer-IoT-Sensors] - 📊 Statistiques finales IoT-Sensors:
2025-10-14 14:58:27,977 - INFO - [Producer-IoT-Sensors] -    Messages envoyés: 13
2025-10-14 14:58:27,978 - INFO - [Producer-IoT-Sensors] -    Erreurs: 0
2025-10-14 14:58:27,978 - INFO - [Producer-IoT-Sensors] -    Durée: 16.5s
2025-10-14 14:58:27,978 - INFO - [Producer-IoT-Sensors] -    Débit: 0.79 msg/s
2025-10-14 14:58:27,978 - INFO - [kafka.producer.kafka] - <KafkaProducer client_id=kafka-python-producer-4 transactional_id=None>: Closing the Kafka producer with 4294967.0 secs timeout.
2025-10-14 14:58:27,979 - INFO - [kafka.conn] - <BrokerConnection client_id=kafka-python-producer-4, node_id=1 host=localhost:9092 <connected> [IPv6 ('::1', 9092, 0, 0)]>: Closing connection. 
2025-10-14 14:58:27,979 - INFO - [Producer-News] - 📊 Statistiques finales News:
2025-10-14 14:58:27,979 - INFO - [Producer-News] -    Messages envoyés: 2
2025-10-14 14:58:27,979 - INFO - [Producer-News] -    Erreurs: 0
2025-10-14 14:58:27,979 - INFO - [Producer-News] -    Durée: 16.5s
2025-10-14 14:58:27,979 - INFO - [Producer-News] -    Débit: 0.12 msg/s
2025-10-14 14:58:29,518 - INFO - [kafka.producer.kafka] - <KafkaProducer client_id=kafka-python-producer-2 transactional_id=None>: Kafka producer closed
2025-10-14 14:58:29,518 - INFO - [Producer-Twitter] - 📊 Statistiques finales Twitter:
2025-10-14 14:58:29,518 - INFO - [Producer-Twitter] -    Messages envoyés: 8
2025-10-14 14:58:29,519 - INFO - [Producer-Twitter] -    Erreurs: 0
2025-10-14 14:58:29,519 - INFO - [Producer-Twitter] -    Durée: 18.1s
2025-10-14 14:58:29,519 - INFO - [Producer-Twitter] -    Débit: 0.44 msg/s
2025-10-14 14:58:29,854 - INFO - [kafka.producer.kafka] - <KafkaProducer client_id=kafka-python-producer-3 transactional_id=None>: Kafka producer closed
2025-10-14 14:58:29,854 - INFO - [Producer-IoT-Sensors] - 📊 Statistiques finales IoT-Sensors:
2025-10-14 14:58:29,854 - INFO - [Producer-IoT-Sensors] -    Messages envoyés: 13
2025-10-14 14:58:29,855 - INFO - [Producer-IoT-Sensors] -    Erreurs: 0
2025-10-14 14:58:29,855 - INFO - [Producer-IoT-Sensors] -    Durée: 18.4s
2025-10-14 14:58:29,855 - INFO - [Producer-IoT-Sensors] -    Débit: 0.71 msg/s
2025-10-14 14:58:30,533 - INFO - [kafka.producer.kafka] - <KafkaProducer client_id=kafka-python-producer-1 transactional_id=None>: Kafka producer closed
2025-10-14 14:58:30,533 - INFO - [Producer-Reddit] - 📊 Statistiques finales Reddit:
2025-10-14 14:58:30,533 - INFO - [Producer-Reddit] -    Messages envoyés: 5
2025-10-14 14:58:30,533 - INFO - [Producer-Reddit] -    Erreurs: 0
2025-10-14 14:58:30,533 - INFO - [Producer-Reddit] -    Durée: 19.1s
2025-10-14 14:58:30,533 - INFO - [Producer-Reddit] -    Débit: 0.26 msg/s
2025-10-14 14:58:34,682 - INFO - [kafka.producer.kafka] - <KafkaProducer client_id=kafka-python-producer-4 transactional_id=None>: Kafka producer closed
2025-10-14 14:58:34,682 - INFO - [Producer-News] - 📊 Statistiques finales News:
2025-10-14 14:58:34,682 - INFO - [Producer-News] -    Messages envoyés: 2
2025-10-14 14:58:34,682 - INFO - [Producer-News] -    Erreurs: 0
2025-10-14 14:58:34,683 - INFO - [Producer-News] -    Durée: 23.2s
2025-10-14 14:58:34,683 - INFO - [Producer-News] -    Débit: 0.09 msg/s
2025-10-14 14:58:34,683 - INFO - [ProducerManager] - ✅ Tous les producers arrêtés
2025-10-14 14:59:37,924 - INFO - [ProducerManager] - ✅ 4 producers configurés
2025-10-14 14:59:37,925 - INFO - [ProducerManager] - 🚀 Démarrage de tous les producers...
2025-10-14 14:59:37,927 - INFO - [Producer-Reddit] - 🚀 Démarrage producer Reddit
2025-10-14 14:59:37,927 - INFO - [ProducerManager] - ▶️ Producer Reddit démarré
2025-10-14 14:59:37,930 - INFO - [Producer-Twitter] - 🚀 Démarrage producer Twitter
2025-10-14 14:59:37,932 - INFO - [ProducerManager] - ▶️ Producer Twitter démarré
2025-10-14 14:59:38,042 - INFO - [Producer-IoT-Sensors] - 🚀 Démarrage producer IoT-Sensors
2025-10-14 14:59:38,042 - INFO - [ProducerManager] - ▶️ Producer IoT démarré
2025-10-14 14:59:38,057 - INFO - [Producer-News] - 🚀 Démarrage producer News
2025-10-14 14:59:38,058 - INFO - [ProducerManager] - ▶️ Producer News démarré
2025-10-14 14:59:38,060 - INFO - [ProducerManager] - ✅ Tous les producers sont actifs
2025-10-14 14:59:38,062 - INFO - [kafka.conn] - <BrokerConnection client_id=kafka-python-producer-2, node_id=bootstrap-0 host=localhost:9092 <connecting> [IPv6 ('::1', 9092, 0, 0)]>: connecting to localhost:9092 [('::1', 9092, 0, 0) IPv6]
2025-10-14 14:59:38,062 - INFO - [kafka.conn] - <BrokerConnection client_id=kafka-python-producer-4, node_id=bootstrap-0 host=localhost:9092 <connecting> [IPv6 ('::1', 9092, 0, 0)]>: connecting to localhost:9092 [('::1', 9092, 0, 0) IPv6]
2025-10-14 14:59:38,063 - INFO - [kafka.conn] - <BrokerConnection client_id=kafka-python-producer-3, node_id=bootstrap-0 host=localhost:9092 <connecting> [IPv6 ('::1', 9092, 0, 0)]>: connecting to localhost:9092 [('::1', 9092, 0, 0) IPv6]
2025-10-14 14:59:38,063 - INFO - [kafka.conn] - <BrokerConnection client_id=kafka-python-producer-1, node_id=bootstrap-0 host=localhost:9092 <connecting> [IPv6 ('::1', 9092, 0, 0)]>: connecting to localhost:9092 [('::1', 9092, 0, 0) IPv6]
2025-10-14 14:59:38,071 - INFO - [kafka.conn] - <BrokerConnection client_id=kafka-python-producer-3, node_id=bootstrap-0 host=localhost:9092 <checking_api_versions_recv> [IPv6 ('::1', 9092, 0, 0)]>: Broker version identified as 2.6
2025-10-14 14:59:38,071 - INFO - [kafka.conn] - <BrokerConnection client_id=kafka-python-producer-1, node_id=bootstrap-0 host=localhost:9092 <checking_api_versions_recv> [IPv6 ('::1', 9092, 0, 0)]>: Broker version identified as 2.6
2025-10-14 14:59:38,071 - INFO - [kafka.conn] - <BrokerConnection client_id=kafka-python-producer-2, node_id=bootstrap-0 host=localhost:9092 <checking_api_versions_recv> [IPv6 ('::1', 9092, 0, 0)]>: Broker version identified as 2.6
2025-10-14 14:59:38,073 - INFO - [kafka.conn] - <BrokerConnection client_id=kafka-python-producer-4, node_id=bootstrap-0 host=localhost:9092 <checking_api_versions_recv> [IPv6 ('::1', 9092, 0, 0)]>: Broker version identified as 2.6
2025-10-14 14:59:38,073 - INFO - [kafka.conn] - <BrokerConnection client_id=kafka-python-producer-3, node_id=bootstrap-0 host=localhost:9092 <connected> [IPv6 ('::1', 9092, 0, 0)]>: Connection complete.
2025-10-14 14:59:38,073 - INFO - [kafka.conn] - <BrokerConnection client_id=kafka-python-producer-1, node_id=bootstrap-0 host=localhost:9092 <connected> [IPv6 ('::1', 9092, 0, 0)]>: Connection complete.
2025-10-14 14:59:38,074 - INFO - [kafka.conn] - <BrokerConnection client_id=kafka-python-producer-2, node_id=bootstrap-0 host=localhost:9092 <connected> [IPv6 ('::1', 9092, 0, 0)]>: Connection complete.
2025-10-14 14:59:38,074 - INFO - [kafka.conn] - <BrokerConnection client_id=kafka-python-producer-4, node_id=bootstrap-0 host=localhost:9092 <connected> [IPv6 ('::1', 9092, 0, 0)]>: Connection complete.
2025-10-14 14:59:38,077 - INFO - [Producer-IoT-Sensors] - ✅ Connexion Kafka réussie pour IoT-Sensors
2025-10-14 14:59:38,077 - INFO - [Producer-Twitter] - ✅ Connexion Kafka réussie pour Twitter
2025-10-14 14:59:38,077 - INFO - [Producer-Reddit] - ✅ Connexion Kafka réussie pour Reddit
2025-10-14 14:59:38,080 - INFO - [Producer-News] - ✅ Connexion Kafka réussie pour News
2025-10-14 14:59:39,096 - INFO - [kafka.conn] - <BrokerConnection client_id=kafka-python-producer-4, node_id=1 host=localhost:9092 <connecting> [IPv6 ('::1', 9092, 0, 0)]>: connecting to localhost:9092 [('::1', 9092, 0, 0) IPv6]
2025-10-14 14:59:39,096 - INFO - [kafka.conn] - <BrokerConnection client_id=kafka-python-producer-1, node_id=1 host=localhost:9092 <connecting> [IPv6 ('::1', 9092, 0, 0)]>: connecting to localhost:9092 [('::1', 9092, 0, 0) IPv6]
2025-10-14 14:59:39,097 - INFO - [kafka.conn] - <BrokerConnection client_id=kafka-python-producer-2, node_id=1 host=localhost:9092 <connecting> [IPv6 ('::1', 9092, 0, 0)]>: connecting to localhost:9092 [('::1', 9092, 0, 0) IPv6]
2025-10-14 14:59:39,097 - INFO - [kafka.conn] - <BrokerConnection client_id=kafka-python-producer-2, node_id=1 host=localhost:9092 <connected> [IPv6 ('::1', 9092, 0, 0)]>: Connection complete.
2025-10-14 14:59:39,097 - INFO - [kafka.conn] - <BrokerConnection client_id=kafka-python-producer-1, node_id=1 host=localhost:9092 <connected> [IPv6 ('::1', 9092, 0, 0)]>: Connection complete.
2025-10-14 14:59:39,097 - INFO - [kafka.conn] - <BrokerConnection client_id=kafka-python-producer-4, node_id=1 host=localhost:9092 <connected> [IPv6 ('::1', 9092, 0, 0)]>: Connection complete.
2025-10-14 14:59:39,097 - INFO - [kafka.conn] - <BrokerConnection client_id=kafka-python-producer-3, node_id=1 host=localhost:9092 <connecting> [IPv6 ('::1', 9092, 0, 0)]>: connecting to localhost:9092 [('::1', 9092, 0, 0) IPv6]
2025-10-14 14:59:39,099 - INFO - [kafka.conn] - <BrokerConnection client_id=kafka-python-producer-1, node_id=bootstrap-0 host=localhost:9092 <connected> [IPv6 ('::1', 9092, 0, 0)]>: Closing connection. 
2025-10-14 14:59:39,099 - INFO - [kafka.conn] - <BrokerConnection client_id=kafka-python-producer-2, node_id=bootstrap-0 host=localhost:9092 <connected> [IPv6 ('::1', 9092, 0, 0)]>: Closing connection. 
2025-10-14 14:59:39,099 - INFO - [kafka.conn] - <BrokerConnection client_id=kafka-python-producer-4, node_id=bootstrap-0 host=localhost:9092 <connected> [IPv6 ('::1', 9092, 0, 0)]>: Closing connection. 
2025-10-14 14:59:39,100 - INFO - [kafka.conn] - <BrokerConnection client_id=kafka-python-producer-3, node_id=1 host=localhost:9092 <connected> [IPv6 ('::1', 9092, 0, 0)]>: Connection complete.
2025-10-14 14:59:39,102 - INFO - [kafka.conn] - <BrokerConnection client_id=kafka-python-producer-3, node_id=bootstrap-0 host=localhost:9092 <connected> [IPv6 ('::1', 9092, 0, 0)]>: Closing connection. 
2025-10-14 15:01:41,241 - INFO - [Producer-IoT-Sensors] - 📊 100 messages envoyés vers iot_sensors
2025-10-14 15:02:47,457 - INFO - [Producer-Twitter] - 📊 100 messages envoyés vers twitter_stream
2025-10-14 15:03:52,454 - INFO - [Producer-IoT-Sensors] - 📊 200 messages envoyés vers iot_sensors
2025-10-14 15:03:52,657 - INFO - [ProducerManager] - ✅ 4 producers configurés
2025-10-14 15:03:52,657 - INFO - [ProducerManager] - 🚀 Démarrage de tous les producers...
2025-10-14 15:03:52,658 - INFO - [Producer-Reddit] - 🚀 Démarrage producer Reddit
2025-10-14 15:03:52,658 - INFO - [ProducerManager] - ▶️ Producer Reddit démarré
2025-10-14 15:03:52,661 - INFO - [Producer-Twitter] - 🚀 Démarrage producer Twitter
2025-10-14 15:03:52,712 - INFO - [ProducerManager] - ▶️ Producer Twitter démarré
2025-10-14 15:03:52,728 - INFO - [Producer-IoT-Sensors] - 🚀 Démarrage producer IoT-Sensors
2025-10-14 15:03:52,729 - INFO - [ProducerManager] - ▶️ Producer IoT démarré
2025-10-14 15:03:52,734 - INFO - [Producer-News] - 🚀 Démarrage producer News
2025-10-14 15:03:52,736 - INFO - [ProducerManager] - ▶️ Producer News démarré
2025-10-14 15:03:52,750 - INFO - [ProducerManager] - ✅ Tous les producers sont actifs
2025-10-14 15:03:52,756 - INFO - [kafka.conn] - <BrokerConnection client_id=kafka-python-producer-4, node_id=bootstrap-0 host=localhost:9092 <connecting> [IPv6 ('::1', 9092, 0, 0)]>: connecting to localhost:9092 [('::1', 9092, 0, 0) IPv6]
2025-10-14 15:03:52,756 - INFO - [kafka.conn] - <BrokerConnection client_id=kafka-python-producer-2, node_id=bootstrap-0 host=localhost:9092 <connecting> [IPv6 ('::1', 9092, 0, 0)]>: connecting to localhost:9092 [('::1', 9092, 0, 0) IPv6]
2025-10-14 15:03:52,756 - INFO - [kafka.conn] - <BrokerConnection client_id=kafka-python-producer-1, node_id=bootstrap-0 host=localhost:9092 <connecting> [IPv6 ('::1', 9092, 0, 0)]>: connecting to localhost:9092 [('::1', 9092, 0, 0) IPv6]
2025-10-14 15:03:52,756 - INFO - [kafka.conn] - <BrokerConnection client_id=kafka-python-producer-3, node_id=bootstrap-0 host=localhost:9092 <connecting> [IPv6 ('::1', 9092, 0, 0)]>: connecting to localhost:9092 [('::1', 9092, 0, 0) IPv6]
2025-10-14 15:03:52,765 - INFO - [kafka.conn] - <BrokerConnection client_id=kafka-python-producer-2, node_id=bootstrap-0 host=localhost:9092 <checking_api_versions_recv> [IPv6 ('::1', 9092, 0, 0)]>: Broker version identified as 2.6
2025-10-14 15:03:52,765 - INFO - [kafka.conn] - <BrokerConnection client_id=kafka-python-producer-4, node_id=bootstrap-0 host=localhost:9092 <checking_api_versions_recv> [IPv6 ('::1', 9092, 0, 0)]>: Broker version identified as 2.6
2025-10-14 15:03:52,766 - INFO - [kafka.conn] - <BrokerConnection client_id=kafka-python-producer-1, node_id=bootstrap-0 host=localhost:9092 <checking_api_versions_recv> [IPv6 ('::1', 9092, 0, 0)]>: Broker version identified as 2.6
2025-10-14 15:03:52,766 - INFO - [kafka.conn] - <BrokerConnection client_id=kafka-python-producer-3, node_id=bootstrap-0 host=localhost:9092 <checking_api_versions_recv> [IPv6 ('::1', 9092, 0, 0)]>: Broker version identified as 2.6
2025-10-14 15:03:52,766 - INFO - [kafka.conn] - <BrokerConnection client_id=kafka-python-producer-2, node_id=bootstrap-0 host=localhost:9092 <connected> [IPv6 ('::1', 9092, 0, 0)]>: Connection complete.
2025-10-14 15:03:52,766 - INFO - [kafka.conn] - <BrokerConnection client_id=kafka-python-producer-4, node_id=bootstrap-0 host=localhost:9092 <connected> [IPv6 ('::1', 9092, 0, 0)]>: Connection complete.
2025-10-14 15:03:52,766 - INFO - [kafka.conn] - <BrokerConnection client_id=kafka-python-producer-1, node_id=bootstrap-0 host=localhost:9092 <connected> [IPv6 ('::1', 9092, 0, 0)]>: Connection complete.
2025-10-14 15:03:52,768 - INFO - [kafka.conn] - <BrokerConnection client_id=kafka-python-producer-3, node_id=bootstrap-0 host=localhost:9092 <connected> [IPv6 ('::1', 9092, 0, 0)]>: Connection complete.
2025-10-14 15:03:52,769 - INFO - [Producer-IoT-Sensors] - ✅ Connexion Kafka réussie pour IoT-Sensors
2025-10-14 15:03:52,770 - INFO - [Producer-Twitter] - ✅ Connexion Kafka réussie pour Twitter
2025-10-14 15:03:52,771 - INFO - [Producer-Reddit] - ✅ Connexion Kafka réussie pour Reddit
2025-10-14 15:03:52,771 - INFO - [Producer-News] - ✅ Connexion Kafka réussie pour News
2025-10-14 15:03:53,788 - INFO - [kafka.conn] - <BrokerConnection client_id=kafka-python-producer-1, node_id=1 host=localhost:9092 <connecting> [IPv6 ('::1', 9092, 0, 0)]>: connecting to localhost:9092 [('::1', 9092, 0, 0) IPv6]
2025-10-14 15:03:53,788 - INFO - [kafka.conn] - <BrokerConnection client_id=kafka-python-producer-3, node_id=1 host=localhost:9092 <connecting> [IPv6 ('::1', 9092, 0, 0)]>: connecting to localhost:9092 [('::1', 9092, 0, 0) IPv6]
2025-10-14 15:03:53,788 - INFO - [kafka.conn] - <BrokerConnection client_id=kafka-python-producer-4, node_id=1 host=localhost:9092 <connecting> [IPv6 ('::1', 9092, 0, 0)]>: connecting to localhost:9092 [('::1', 9092, 0, 0) IPv6]
2025-10-14 15:03:53,788 - INFO - [kafka.conn] - <BrokerConnection client_id=kafka-python-producer-2, node_id=1 host=localhost:9092 <connecting> [IPv6 ('::1', 9092, 0, 0)]>: connecting to localhost:9092 [('::1', 9092, 0, 0) IPv6]
2025-10-14 15:03:53,788 - INFO - [kafka.conn] - <BrokerConnection client_id=kafka-python-producer-3, node_id=1 host=localhost:9092 <connected> [IPv6 ('::1', 9092, 0, 0)]>: Connection complete.
2025-10-14 15:03:53,788 - INFO - [kafka.conn] - <BrokerConnection client_id=kafka-python-producer-1, node_id=1 host=localhost:9092 <connected> [IPv6 ('::1', 9092, 0, 0)]>: Connection complete.
2025-10-14 15:03:53,789 - INFO - [kafka.conn] - <BrokerConnection client_id=kafka-python-producer-4, node_id=1 host=localhost:9092 <connected> [IPv6 ('::1', 9092, 0, 0)]>: Connection complete.
2025-10-14 15:03:53,789 - INFO - [kafka.conn] - <BrokerConnection client_id=kafka-python-producer-3, node_id=bootstrap-0 host=localhost:9092 <connected> [IPv6 ('::1', 9092, 0, 0)]>: Closing connection. 
2025-10-14 15:03:53,789 - INFO - [kafka.conn] - <BrokerConnection client_id=kafka-python-producer-2, node_id=1 host=localhost:9092 <connected> [IPv6 ('::1', 9092, 0, 0)]>: Connection complete.
2025-10-14 15:03:53,789 - INFO - [kafka.conn] - <BrokerConnection client_id=kafka-python-producer-1, node_id=bootstrap-0 host=localhost:9092 <connected> [IPv6 ('::1', 9092, 0, 0)]>: Closing connection. 
2025-10-14 15:03:53,789 - INFO - [kafka.conn] - <BrokerConnection client_id=kafka-python-producer-4, node_id=bootstrap-0 host=localhost:9092 <connected> [IPv6 ('::1', 9092, 0, 0)]>: Closing connection. 
2025-10-14 15:03:53,790 - INFO - [kafka.conn] - <BrokerConnection client_id=kafka-python-producer-2, node_id=bootstrap-0 host=localhost:9092 <connected> [IPv6 ('::1', 9092, 0, 0)]>: Closing connection. 
2025-10-14 15:05:30,993 - INFO - [Producer-Reddit] - 📊 100 messages envoyés vers reddit_stream
2025-10-14 15:05:51,895 - INFO - [Producer-IoT-Sensors] - 📊 300 messages envoyés vers iot_sensors
2025-10-14 15:06:00,614 - INFO - [Producer-IoT-Sensors] - 📊 100 messages envoyés vers iot_sensors
2025-10-14 15:06:05,512 - INFO - [Producer-Twitter] - 📊 200 messages envoyés vers twitter_stream
2025-10-14 15:06:12,680 - INFO - [ProducerManager] - 🛑 Arrêt de tous les producers...
2025-10-14 15:06:12,680 - INFO - [kafka.producer.kafka] - <KafkaProducer client_id=kafka-python-producer-1 transactional_id=None>: Closing the Kafka producer with 4294967.0 secs timeout.
2025-10-14 15:06:12,681 - INFO - [kafka.conn] - <BrokerConnection client_id=kafka-python-producer-1, node_id=1 host=localhost:9092 <connected> [IPv6 ('::1', 9092, 0, 0)]>: Closing connection. 
2025-10-14 15:06:12,681 - INFO - [Producer-Reddit] - 📊 Statistiques finales Reddit:
2025-10-14 15:06:12,682 - INFO - [Producer-Reddit] -    Messages envoyés: 112
2025-10-14 15:06:12,682 - INFO - [Producer-Reddit] -    Erreurs: 0
2025-10-14 15:06:12,682 - INFO - [Producer-Reddit] -    Durée: 394.8s
2025-10-14 15:06:12,682 - INFO - [Producer-Reddit] -    Débit: 0.28 msg/s
2025-10-14 15:06:12,682 - INFO - [kafka.producer.kafka] - <KafkaProducer client_id=kafka-python-producer-2 transactional_id=None>: Closing the Kafka producer with 4294967.0 secs timeout.
2025-10-14 15:06:12,683 - INFO - [kafka.conn] - <BrokerConnection client_id=kafka-python-producer-2, node_id=1 host=localhost:9092 <connected> [IPv6 ('::1', 9092, 0, 0)]>: Closing connection. 
2025-10-14 15:06:12,683 - INFO - [Producer-Twitter] - 📊 Statistiques finales Twitter:
2025-10-14 15:06:12,684 - INFO - [Producer-Twitter] -    Messages envoyés: 203
2025-10-14 15:06:12,684 - INFO - [Producer-Twitter] -    Erreurs: 0
2025-10-14 15:06:12,684 - INFO - [Producer-Twitter] -    Durée: 394.8s
2025-10-14 15:06:12,684 - INFO - [Producer-Twitter] -    Débit: 0.51 msg/s
2025-10-14 15:06:12,684 - INFO - [kafka.producer.kafka] - <KafkaProducer client_id=kafka-python-producer-3 transactional_id=None>: Closing the Kafka producer with 4294967.0 secs timeout.
2025-10-14 15:06:12,685 - INFO - [kafka.conn] - <BrokerConnection client_id=kafka-python-producer-3, node_id=1 host=localhost:9092 <connected> [IPv6 ('::1', 9092, 0, 0)]>: Closing connection. 
2025-10-14 15:06:12,685 - INFO - [Producer-IoT-Sensors] - 📊 Statistiques finales IoT-Sensors:
2025-10-14 15:06:12,685 - INFO - [Producer-IoT-Sensors] -    Messages envoyés: 317
2025-10-14 15:06:12,686 - INFO - [Producer-IoT-Sensors] -    Erreurs: 0
2025-10-14 15:06:12,686 - INFO - [Producer-IoT-Sensors] -    Durée: 394.6s
2025-10-14 15:06:12,686 - INFO - [Producer-IoT-Sensors] -    Débit: 0.80 msg/s
2025-10-14 15:06:12,686 - INFO - [kafka.producer.kafka] - <KafkaProducer client_id=kafka-python-producer-4 transactional_id=None>: Closing the Kafka producer with 4294967.0 secs timeout.
2025-10-14 15:06:12,687 - INFO - [kafka.conn] - <BrokerConnection client_id=kafka-python-producer-4, node_id=1 host=localhost:9092 <connected> [IPv6 ('::1', 9092, 0, 0)]>: Closing connection. 
2025-10-14 15:06:12,688 - INFO - [Producer-News] - 📊 Statistiques finales News:
2025-10-14 15:06:12,688 - INFO - [Producer-News] -    Messages envoyés: 38
2025-10-14 15:06:12,688 - INFO - [Producer-News] -    Erreurs: 0
2025-10-14 15:06:12,688 - INFO - [Producer-News] -    Durée: 394.6s
2025-10-14 15:06:12,688 - INFO - [Producer-News] -    Débit: 0.10 msg/s
2025-10-14 15:06:13,625 - INFO - [kafka.producer.kafka] - <KafkaProducer client_id=kafka-python-producer-3 transactional_id=None>: Kafka producer closed
2025-10-14 15:06:13,625 - INFO - [Producer-IoT-Sensors] - 📊 Statistiques finales IoT-Sensors:
2025-10-14 15:06:13,625 - INFO - [Producer-IoT-Sensors] -    Messages envoyés: 317
2025-10-14 15:06:13,625 - INFO - [Producer-IoT-Sensors] -    Erreurs: 0
2025-10-14 15:06:13,627 - INFO - [Producer-IoT-Sensors] -    Durée: 395.6s
2025-10-14 15:06:13,627 - INFO - [Producer-IoT-Sensors] -    Débit: 0.80 msg/s
2025-10-14 15:06:13,805 - INFO - [kafka.producer.kafka] - <KafkaProducer client_id=kafka-python-producer-2 transactional_id=None>: Kafka producer closed
2025-10-14 15:06:13,805 - INFO - [Producer-Twitter] - 📊 Statistiques finales Twitter:
2025-10-14 15:06:13,805 - INFO - [Producer-Twitter] -    Messages envoyés: 203
2025-10-14 15:06:13,805 - INFO - [Producer-Twitter] -    Erreurs: 0
2025-10-14 15:06:13,806 - INFO - [Producer-Twitter] -    Durée: 395.9s
2025-10-14 15:06:13,806 - INFO - [Producer-Twitter] -    Débit: 0.51 msg/s
2025-10-14 15:06:15,880 - INFO - [kafka.producer.kafka] - <KafkaProducer client_id=kafka-python-producer-1 transactional_id=None>: Kafka producer closed
2025-10-14 15:06:15,880 - INFO - [Producer-Reddit] - 📊 Statistiques finales Reddit:
2025-10-14 15:06:15,880 - INFO - [Producer-Reddit] -    Messages envoyés: 112
2025-10-14 15:06:15,880 - INFO - [Producer-Reddit] -    Erreurs: 0
2025-10-14 15:06:15,881 - INFO - [Producer-Reddit] -    Durée: 398.0s
2025-10-14 15:06:15,881 - INFO - [Producer-Reddit] -    Débit: 0.28 msg/s
2025-10-14 15:06:19,846 - INFO - [kafka.producer.kafka] - <KafkaProducer client_id=kafka-python-producer-4 transactional_id=None>: Kafka producer closed
2025-10-14 15:06:19,846 - INFO - [Producer-News] - 📊 Statistiques finales News:
2025-10-14 15:06:19,847 - INFO - [Producer-News] -    Messages envoyés: 38
2025-10-14 15:06:19,847 - INFO - [Producer-News] -    Erreurs: 0
2025-10-14 15:06:19,847 - INFO - [Producer-News] -    Durée: 401.8s
2025-10-14 15:06:19,847 - INFO - [Producer-News] -    Débit: 0.09 msg/s
2025-10-14 15:06:19,848 - INFO - [ProducerManager] - ✅ Tous les producers arrêtés
2025-10-14 15:07:22,343 - INFO - [Producer-Twitter] - 📊 100 messages envoyés vers twitter_stream
2025-10-14 15:08:08,378 - INFO - [Producer-IoT-Sensors] - 📊 200 messages envoyés vers iot_sensors
2025-10-14 15:09:28,305 - INFO - [Producer-Reddit] - 📊 100 messages envoyés vers reddit_stream
2025-10-14 15:10:21,842 - INFO - [Producer-IoT-Sensors] - 📊 300 messages envoyés vers iot_sensors
2025-10-14 15:10:36,978 - INFO - [Producer-Twitter] - 📊 200 messages envoyés vers twitter_stream
2025-10-14 15:12:29,753 - INFO - [Producer-IoT-Sensors] - 📊 400 messages envoyés vers iot_sensors
2025-10-14 15:13:57,736 - INFO - [Producer-Twitter] - 📊 300 messages envoyés vers twitter_stream
2025-10-14 15:14:33,176 - INFO - [Producer-IoT-Sensors] - 📊 500 messages envoyés vers iot_sensors
2025-10-14 15:15:04,521 - INFO - [Producer-Reddit] - 📊 200 messages envoyés vers reddit_stream
2025-10-14 15:16:37,469 - INFO - [Producer-IoT-Sensors] - 📊 600 messages envoyés vers iot_sensors
2025-10-14 15:17:18,924 - INFO - [Producer-Twitter] - 📊 400 messages envoyés vers twitter_stream
2025-10-14 15:18:42,332 - INFO - [Producer-IoT-Sensors] - 📊 700 messages envoyés vers iot_sensors
2025-10-14 15:20:40,402 - INFO - [Producer-Twitter] - 📊 500 messages envoyés vers twitter_stream
2025-10-14 15:20:53,387 - INFO - [Producer-IoT-Sensors] - 📊 800 messages envoyés vers iot_sensors
2025-10-14 15:21:07,372 - INFO - [Producer-Reddit] - 📊 300 messages envoyés vers reddit_stream
2025-10-14 15:21:28,025 - INFO - [Producer-News] - 📊 100 messages envoyés vers news_feed
2025-10-14 15:22:52,491 - INFO - [Producer-IoT-Sensors] - 📊 900 messages envoyés vers iot_sensors
2025-10-14 15:23:59,464 - INFO - [Producer-Twitter] - 📊 600 messages envoyés vers twitter_stream
2025-10-14 15:25:01,681 - INFO - [Producer-IoT-Sensors] - 📊 1000 messages envoyés vers iot_sensors
2025-10-14 15:26:50,200 - INFO - [Producer-Reddit] - 📊 400 messages envoyés vers reddit_stream
2025-10-14 15:27:13,434 - INFO - [Producer-IoT-Sensors] - 📊 1100 messages envoyés vers iot_sensors
2025-10-14 15:27:19,669 - INFO - [Producer-Twitter] - 📊 700 messages envoyés vers twitter_stream
2025-10-14 15:29:12,718 - INFO - [Producer-IoT-Sensors] - 📊 1200 messages envoyés vers iot_sensors
2025-10-14 15:30:16,567 - INFO - [ProducerManager] - ✅ 4 producers configurés
2025-10-14 15:30:16,567 - INFO - [ProducerManager] - 🚀 Démarrage de tous les producers...
2025-10-14 15:30:16,567 - INFO - [Producer-Reddit] - 🚀 Démarrage producer Reddit
2025-10-14 15:30:16,567 - INFO - [ProducerManager] - ▶️ Producer Reddit démarré
2025-10-14 15:30:16,575 - INFO - [Producer-Twitter] - 🚀 Démarrage producer Twitter
2025-10-14 15:30:16,575 - INFO - [ProducerManager] - ▶️ Producer Twitter démarré
2025-10-14 15:30:16,639 - INFO - [Producer-IoT-Sensors] - 🚀 Démarrage producer IoT-Sensors
2025-10-14 15:30:16,640 - INFO - [ProducerManager] - ▶️ Producer IoT démarré
2025-10-14 15:30:16,641 - INFO - [Producer-News] - 🚀 Démarrage producer News
2025-10-14 15:30:16,641 - INFO - [ProducerManager] - ▶️ Producer News démarré
2025-10-14 15:30:16,642 - INFO - [ProducerManager] - ✅ Tous les producers sont actifs
2025-10-14 15:30:16,643 - INFO - [kafka.conn] - <BrokerConnection client_id=kafka-python-producer-3, node_id=bootstrap-0 host=localhost:9092 <connecting> [IPv6 ('::1', 9092, 0, 0)]>: connecting to localhost:9092 [('::1', 9092, 0, 0) IPv6]
2025-10-14 15:30:16,644 - INFO - [kafka.conn] - <BrokerConnection client_id=kafka-python-producer-1, node_id=bootstrap-0 host=localhost:9092 <connecting> [IPv6 ('::1', 9092, 0, 0)]>: connecting to localhost:9092 [('::1', 9092, 0, 0) IPv6]
2025-10-14 15:30:16,644 - INFO - [kafka.conn] - <BrokerConnection client_id=kafka-python-producer-4, node_id=bootstrap-0 host=localhost:9092 <connecting> [IPv6 ('::1', 9092, 0, 0)]>: connecting to localhost:9092 [('::1', 9092, 0, 0) IPv6]
2025-10-14 15:30:16,644 - INFO - [kafka.conn] - <BrokerConnection client_id=kafka-python-producer-2, node_id=bootstrap-0 host=localhost:9092 <connecting> [IPv6 ('::1', 9092, 0, 0)]>: connecting to localhost:9092 [('::1', 9092, 0, 0) IPv6]
2025-10-14 15:30:16,653 - INFO - [kafka.conn] - <BrokerConnection client_id=kafka-python-producer-3, node_id=bootstrap-0 host=localhost:9092 <checking_api_versions_recv> [IPv6 ('::1', 9092, 0, 0)]>: Broker version identified as 2.6
2025-10-14 15:30:16,654 - INFO - [kafka.conn] - <BrokerConnection client_id=kafka-python-producer-2, node_id=bootstrap-0 host=localhost:9092 <checking_api_versions_recv> [IPv6 ('::1', 9092, 0, 0)]>: Broker version identified as 2.6
2025-10-14 15:30:16,655 - INFO - [kafka.conn] - <BrokerConnection client_id=kafka-python-producer-3, node_id=bootstrap-0 host=localhost:9092 <connected> [IPv6 ('::1', 9092, 0, 0)]>: Connection complete.
2025-10-14 15:30:16,655 - INFO - [kafka.conn] - <BrokerConnection client_id=kafka-python-producer-4, node_id=bootstrap-0 host=localhost:9092 <checking_api_versions_recv> [IPv6 ('::1', 9092, 0, 0)]>: Broker version identified as 2.6
2025-10-14 15:30:16,656 - INFO - [kafka.conn] - <BrokerConnection client_id=kafka-python-producer-1, node_id=bootstrap-0 host=localhost:9092 <checking_api_versions_recv> [IPv6 ('::1', 9092, 0, 0)]>: Broker version identified as 2.6
2025-10-14 15:30:16,656 - INFO - [kafka.conn] - <BrokerConnection client_id=kafka-python-producer-2, node_id=bootstrap-0 host=localhost:9092 <connected> [IPv6 ('::1', 9092, 0, 0)]>: Connection complete.
2025-10-14 15:30:16,657 - INFO - [kafka.conn] - <BrokerConnection client_id=kafka-python-producer-4, node_id=bootstrap-0 host=localhost:9092 <connected> [IPv6 ('::1', 9092, 0, 0)]>: Connection complete.
2025-10-14 15:30:16,658 - INFO - [Producer-IoT-Sensors] - ✅ Connexion Kafka réussie pour IoT-Sensors
2025-10-14 15:30:16,658 - INFO - [kafka.conn] - <BrokerConnection client_id=kafka-python-producer-1, node_id=bootstrap-0 host=localhost:9092 <connected> [IPv6 ('::1', 9092, 0, 0)]>: Connection complete.
2025-10-14 15:30:16,659 - INFO - [Producer-Twitter] - ✅ Connexion Kafka réussie pour Twitter
2025-10-14 15:30:16,660 - INFO - [Producer-News] - ✅ Connexion Kafka réussie pour News
2025-10-14 15:30:16,662 - INFO - [Producer-Reddit] - ✅ Connexion Kafka réussie pour Reddit
2025-10-14 15:30:17,660 - INFO - [kafka.conn] - <BrokerConnection client_id=kafka-python-producer-3, node_id=1 host=localhost:9092 <connecting> [IPv6 ('::1', 9092, 0, 0)]>: connecting to localhost:9092 [('::1', 9092, 0, 0) IPv6]
2025-10-14 15:30:17,661 - INFO - [kafka.conn] - <BrokerConnection client_id=kafka-python-producer-3, node_id=1 host=localhost:9092 <connected> [IPv6 ('::1', 9092, 0, 0)]>: Connection complete.
2025-10-14 15:30:17,661 - INFO - [kafka.conn] - <BrokerConnection client_id=kafka-python-producer-3, node_id=bootstrap-0 host=localhost:9092 <connected> [IPv6 ('::1', 9092, 0, 0)]>: Closing connection. 
2025-10-14 15:30:17,676 - INFO - [kafka.conn] - <BrokerConnection client_id=kafka-python-producer-2, node_id=1 host=localhost:9092 <connecting> [IPv6 ('::1', 9092, 0, 0)]>: connecting to localhost:9092 [('::1', 9092, 0, 0) IPv6]
2025-10-14 15:30:17,677 - INFO - [kafka.conn] - <BrokerConnection client_id=kafka-python-producer-4, node_id=1 host=localhost:9092 <connecting> [IPv6 ('::1', 9092, 0, 0)]>: connecting to localhost:9092 [('::1', 9092, 0, 0) IPv6]
2025-10-14 15:30:17,677 - INFO - [kafka.conn] - <BrokerConnection client_id=kafka-python-producer-1, node_id=1 host=localhost:9092 <connecting> [IPv6 ('::1', 9092, 0, 0)]>: connecting to localhost:9092 [('::1', 9092, 0, 0) IPv6]
2025-10-14 15:30:17,677 - INFO - [kafka.conn] - <BrokerConnection client_id=kafka-python-producer-2, node_id=1 host=localhost:9092 <connected> [IPv6 ('::1', 9092, 0, 0)]>: Connection complete.
2025-10-14 15:30:17,678 - INFO - [kafka.conn] - <BrokerConnection client_id=kafka-python-producer-2, node_id=bootstrap-0 host=localhost:9092 <connected> [IPv6 ('::1', 9092, 0, 0)]>: Closing connection. 
2025-10-14 15:30:17,678 - INFO - [kafka.conn] - <BrokerConnection client_id=kafka-python-producer-4, node_id=1 host=localhost:9092 <connected> [IPv6 ('::1', 9092, 0, 0)]>: Connection complete.
2025-10-14 15:30:17,678 - INFO - [kafka.conn] - <BrokerConnection client_id=kafka-python-producer-1, node_id=1 host=localhost:9092 <connected> [IPv6 ('::1', 9092, 0, 0)]>: Connection complete.
2025-10-14 15:30:17,679 - INFO - [kafka.conn] - <BrokerConnection client_id=kafka-python-producer-4, node_id=bootstrap-0 host=localhost:9092 <connected> [IPv6 ('::1', 9092, 0, 0)]>: Closing connection. 
2025-10-14 15:30:17,680 - INFO - [kafka.conn] - <BrokerConnection client_id=kafka-python-producer-1, node_id=bootstrap-0 host=localhost:9092 <connected> [IPv6 ('::1', 9092, 0, 0)]>: Closing connection. 
2025-10-14 15:32:21,854 - INFO - [Producer-IoT-Sensors] - 📊 100 messages envoyés vers iot_sensors
2025-10-14 15:33:40,888 - INFO - [Producer-Twitter] - 📊 100 messages envoyés vers twitter_stream
2025-10-14 15:34:28,538 - INFO - [Producer-IoT-Sensors] - 📊 200 messages envoyés vers iot_sensors
2025-10-14 15:36:06,802 - INFO - [Producer-Reddit] - 📊 100 messages envoyés vers reddit_stream
2025-10-14 15:36:30,182 - INFO - [Producer-IoT-Sensors] - 📊 300 messages envoyés vers iot_sensors
2025-10-14 15:37:02,084 - INFO - [Producer-Twitter] - 📊 200 messages envoyés vers twitter_stream
2025-10-14 15:38:35,852 - INFO - [Producer-IoT-Sensors] - 📊 400 messages envoyés vers iot_sensors
2025-10-14 15:40:20,761 - INFO - [Producer-Twitter] - 📊 300 messages envoyés vers twitter_stream
2025-10-14 15:40:43,306 - INFO - [Producer-IoT-Sensors] - 📊 500 messages envoyés vers iot_sensors
2025-10-14 15:42:00,951 - INFO - [Producer-Reddit] - 📊 200 messages envoyés vers reddit_stream
2025-10-14 15:42:46,786 - INFO - [Producer-IoT-Sensors] - 📊 600 messages envoyés vers iot_sensors
2025-10-14 15:43:30,442 - INFO - [Producer-Twitter] - 📊 400 messages envoyés vers twitter_stream
2025-10-14 15:45:01,325 - INFO - [Producer-IoT-Sensors] - 📊 700 messages envoyés vers iot_sensors
2025-10-14 15:46:48,076 - INFO - [Producer-Twitter] - 📊 500 messages envoyés vers twitter_stream
2025-10-14 15:46:48,216 - INFO - [Producer-News] - 📊 100 messages envoyés vers news_feed
2025-10-14 15:47:03,620 - INFO - [Producer-IoT-Sensors] - 📊 800 messages envoyés vers iot_sensors
2025-10-14 15:47:46,359 - INFO - [Producer-Reddit] - 📊 300 messages envoyés vers reddit_stream
2025-10-14 15:49:14,249 - INFO - [Producer-IoT-Sensors] - 📊 900 messages envoyés vers iot_sensors
2025-10-14 15:50:18,303 - INFO - [Producer-Twitter] - 📊 600 messages envoyés vers twitter_stream
2025-10-14 15:51:19,227 - INFO - [Producer-IoT-Sensors] - 📊 1000 messages envoyés vers iot_sensors
2025-10-14 15:53:20,985 - INFO - [Producer-IoT-Sensors] - 📊 1100 messages envoyés vers iot_sensors
2025-10-14 15:53:32,387 - INFO - [Producer-Reddit] - 📊 400 messages envoyés vers reddit_stream
2025-10-14 15:53:41,127 - INFO - [Producer-Twitter] - 📊 700 messages envoyés vers twitter_stream
2025-10-14 15:55:24,650 - INFO - [Producer-IoT-Sensors] - 📊 1200 messages envoyés vers iot_sensors
2025-10-14 15:57:07,546 - INFO - [Producer-Twitter] - 📊 800 messages envoyés vers twitter_stream
2025-10-14 15:57:28,793 - INFO - [Producer-IoT-Sensors] - 📊 1300 messages envoyés vers iot_sensors
2025-10-14 15:59:27,825 - INFO - [Producer-Reddit] - 📊 500 messages envoyés vers reddit_stream
2025-10-14 15:59:33,224 - INFO - [Producer-IoT-Sensors] - 📊 1400 messages envoyés vers iot_sensors
2025-10-14 16:00:28,459 - INFO - [Producer-Twitter] - 📊 900 messages envoyés vers twitter_stream
2025-10-14 16:01:34,619 - INFO - [Producer-IoT-Sensors] - 📊 1500 messages envoyés vers iot_sensors
2025-10-14 16:03:42,419 - INFO - [Producer-IoT-Sensors] - 📊 1600 messages envoyés vers iot_sensors
2025-10-14 16:03:47,905 - INFO - [Producer-News] - 📊 200 messages envoyés vers news_feed
2025-10-14 16:03:49,298 - INFO - [Producer-Twitter] - 📊 1000 messages envoyés vers twitter_stream
2025-10-14 16:05:28,508 - INFO - [Producer-Reddit] - 📊 600 messages envoyés vers reddit_stream
2025-10-14 16:05:47,563 - INFO - [Producer-IoT-Sensors] - 📊 1700 messages envoyés vers iot_sensors
2025-10-14 16:07:00,391 - INFO - [Producer-Twitter] - 📊 1100 messages envoyés vers twitter_stream
2025-10-14 16:07:51,340 - INFO - [Producer-IoT-Sensors] - 📊 1800 messages envoyés vers iot_sensors
2025-10-14 16:09:59,493 - INFO - [Producer-IoT-Sensors] - 📊 1900 messages envoyés vers iot_sensors
2025-10-14 16:10:14,105 - INFO - [Producer-Twitter] - 📊 1200 messages envoyés vers twitter_stream
2025-10-14 16:11:25,840 - INFO - [Producer-Reddit] - 📊 700 messages envoyés vers reddit_stream
2025-10-14 16:11:56,994 - INFO - [Producer-IoT-Sensors] - 📊 2000 messages envoyés vers iot_sensors
2025-10-14 16:13:25,428 - INFO - [Producer-Twitter] - 📊 1300 messages envoyés vers twitter_stream
2025-10-14 16:14:02,027 - INFO - [Producer-IoT-Sensors] - 📊 2100 messages envoyés vers iot_sensors
2025-10-14 16:15:59,352 - INFO - [Producer-IoT-Sensors] - 📊 2200 messages envoyés vers iot_sensors
2025-10-14 16:16:49,532 - INFO - [Producer-Twitter] - 📊 1400 messages envoyés vers twitter_stream
2025-10-14 16:17:08,345 - INFO - [Producer-Reddit] - 📊 800 messages envoyés vers reddit_stream
2025-10-14 16:18:09,841 - INFO - [Producer-IoT-Sensors] - 📊 2300 messages envoyés vers iot_sensors
2025-10-14 16:20:16,952 - INFO - [Producer-IoT-Sensors] - 📊 2400 messages envoyés vers iot_sensors
2025-10-14 16:20:17,354 - INFO - [Producer-Twitter] - 📊 1500 messages envoyés vers twitter_stream
2025-10-14 16:21:00,420 - INFO - [Producer-News] - 📊 300 messages envoyés vers news_feed
2025-10-14 16:22:20,003 - INFO - [Producer-IoT-Sensors] - 📊 2500 messages envoyés vers iot_sensors
2025-10-14 16:22:57,096 - INFO - [Producer-Reddit] - 📊 900 messages envoyés vers reddit_stream
2025-10-14 16:23:37,802 - INFO - [Producer-Twitter] - 📊 1600 messages envoyés vers twitter_stream
2025-10-14 16:24:20,831 - INFO - [Producer-IoT-Sensors] - 📊 2600 messages envoyés vers iot_sensors
2025-10-14 16:26:21,607 - INFO - [Producer-IoT-Sensors] - 📊 2700 messages envoyés vers iot_sensors
2025-10-14 16:27:04,057 - INFO - [Producer-Twitter] - 📊 1700 messages envoyés vers twitter_stream
2025-10-14 16:28:22,049 - INFO - [Producer-IoT-Sensors] - 📊 2800 messages envoyés vers iot_sensors
2025-10-14 16:28:45,414 - INFO - [Producer-Reddit] - 📊 1000 messages envoyés vers reddit_stream
2025-10-14 16:30:20,455 - INFO - [Producer-Twitter] - 📊 1800 messages envoyés vers twitter_stream
2025-10-14 16:30:27,326 - INFO - [Producer-IoT-Sensors] - 📊 2900 messages envoyés vers iot_sensors
2025-10-14 16:32:35,629 - INFO - [Producer-IoT-Sensors] - 📊 3000 messages envoyés vers iot_sensors
2025-10-14 16:33:29,616 - INFO - [Producer-Twitter] - 📊 1900 messages envoyés vers twitter_stream
2025-10-14 16:34:35,122 - INFO - [Producer-Reddit] - 📊 1100 messages envoyés vers reddit_stream
2025-10-14 16:34:41,781 - INFO - [Producer-IoT-Sensors] - 📊 3100 messages envoyés vers iot_sensors
2025-10-14 16:36:47,331 - INFO - [Producer-IoT-Sensors] - 📊 3200 messages envoyés vers iot_sensors
2025-10-14 16:36:53,783 - INFO - [Producer-Twitter] - 📊 2000 messages envoyés vers twitter_stream
